d:\develop game\skul\assort35dx\object\bin\object.pdb
d:\develop game\skul\assort35dx\object\bin\object.idb
d:\develop game\skul\assort35dx\object\binobj\fireball.obj
d:\develop game\skul\assort35dx\object\binobj\caitask_ultimate.obj
d:\develop game\skul\assort35dx\object\binobj\archerarrow.obj
d:\develop game\skul\assort35dx\object\binobj\archerai.obj
d:\develop game\skul\assort35dx\object\binobj\aitask_tackle.obj
d:\develop game\skul\assort35dx\object\binobj\aitask_stamping.obj
d:\develop game\skul\assort35dx\object\binobj\aitask_shield.obj
d:\develop game\skul\assort35dx\object\binobj\aitask_jumpstamping.obj
d:\develop game\skul\assort35dx\object\binobj\aitask_intro.obj
d:\develop game\skul\assort35dx\object\binobj\aitask_earthhit.obj
d:\develop game\skul\assort35dx\object\binobj\aiselectwarrior.obj
d:\develop game\skul\assort35dx\object\binobj\aiselectogre.obj
d:\develop game\skul\assort35dx\object\binobj\aiselectkuma.obj
d:\develop game\skul\assort35dx\object\binobj\aiselectarcher.obj
d:\develop game\skul\assort35dx\object\binobj\warrioranimation.obj
d:\develop game\skul\assort35dx\object\binobj\skulanimation.obj
d:\develop game\skul\assort35dx\object\binobj\ogreanimation.obj
d:\develop game\skul\assort35dx\object\binobj\kumashieldanimation.obj
d:\develop game\skul\assort35dx\object\binobj\kumaanimation.obj
d:\develop game\skul\assort35dx\object\binobj\archeranimation.obj
d:\develop game\skul\assort35dx\object\binobj\trashenemywidget.obj
d:\develop game\skul\assort35dx\object\binobj\skulwidget.obj
d:\develop game\skul\assort35dx\object\binobj\bosswidget.obj
d:\develop game\skul\assort35dx\object\binobj\warriorai.obj
d:\develop game\skul\assort35dx\object\binobj\trashenemyai.obj
d:\develop game\skul\assort35dx\object\binobj\skuldefaulthead.obj
d:\develop game\skul\assort35dx\object\binobj\skul.obj
d:\develop game\skul\assort35dx\object\binobj\ogreai.obj
d:\develop game\skul\assort35dx\object\binobj\kumashield.obj
d:\develop game\skul\assort35dx\object\binobj\kumarock.obj
d:\develop game\skul\assort35dx\object\binobj\kumaai.obj
d:\develop game\skul\assort35dx\object\bin\object.lib
d:\develop game\skul\assort35dx\object\binobj\../bin/object.pdb
d:\develop game\skul\assort35dx\object\binobj\object.tlog\cl.read.1.tlog
d:\develop game\skul\assort35dx\object\binobj\object.tlog\cl.write.1.tlog
d:\develop game\skul\assort35dx\object\binobj\object.tlog\cl.command.1.tlog
d:\develop game\skul\assort35dx\object\binobj\object.tlog\lib-link.read.1.tlog
d:\develop game\skul\assort35dx\object\binobj\object.tlog\lib-link.write.1.tlog
d:\develop game\skul\assort35dx\object\binobj\object.tlog\lib.command.1.tlog
