d:\develop game\skul\assort35dx\gameeditor\binobj\gameeditor_debug.pch
d:\develop game\skul\assort35dx\gameeditor\binobj\vc142.pdb
d:\develop game\skul\assort35dx\gameeditor\binobj\vc142.idb
d:\develop game\skul\assort35dx\gameeditor\binobj\pch.obj
d:\develop game\skul\assort35dx\gameeditor\binobj\tileselectwindow.obj
d:\develop game\skul\assort35dx\gameeditor\binobj\tilemapwindow.obj
d:\develop game\skul\assort35dx\gameeditor\binobj\testwindow.obj
d:\develop game\skul\assort35dx\gameeditor\binobj\editorscene.obj
d:\develop game\skul\assort35dx\gameeditor\binobj\objectwindow.obj
d:\develop game\skul\assort35dx\gameeditor\binobj\mainfrm.obj
d:\develop game\skul\assort35dx\gameeditor\binobj\logwindow.obj
d:\develop game\skul\assort35dx\gameeditor\binobj\gameeditorview.obj
d:\develop game\skul\assort35dx\gameeditor\binobj\gameeditordoc.obj
d:\develop game\skul\assort35dx\gameeditor\binobj\gameeditor.obj
d:\develop game\skul\assort35dx\gameeditor\binobj\detailwindow.obj
d:\develop game\skul\assort35dx\gameeditor\binobj\gameeditor.res
d:\develop game\skul\assort35dx\gameeditor\binobj\gameeditor_debug.ilk
d:\develop game\skul\assort35dx\gameeditor\bin\gameeditor_debug.exe
d:\develop game\skul\assort35dx\gameeditor\bin\gameeditor_debug.pdb
d:\develop game\skul\assort35dx\gameeditor\binobj\../bin/gameeditor_debug.pdb
d:\develop game\skul\assort35dx\gameeditor\binobj\gameeditor.tlog\cl.read.1.tlog
d:\develop game\skul\assort35dx\gameeditor\binobj\gameeditor.tlog\cl.write.1.tlog
d:\develop game\skul\assort35dx\gameeditor\binobj\gameeditor.tlog\cl.command.1.tlog
d:\develop game\skul\assort35dx\gameeditor\binobj\gameeditor.tlog\rc.read.1.tlog
d:\develop game\skul\assort35dx\gameeditor\binobj\gameeditor.tlog\rc.write.1.tlog
d:\develop game\skul\assort35dx\gameeditor\binobj\gameeditor.tlog\rc.command.1.tlog
d:\develop game\skul\assort35dx\gameeditor\binobj\gameeditor.tlog\link.read.2.tlog
d:\develop game\skul\assort35dx\gameeditor\binobj\gameeditor.tlog\link.write.1.tlog
d:\develop game\skul\assort35dx\gameeditor\binobj\gameeditor.tlog\link.command.1.tlog
